<?xml version="1.0" encoding="UTF-8"?>
<!-- Generated by org.testng.reporters.JUnitReportReporter -->
<testsuite hostname="RENIl" failures="0" tests="3" name="testCases.TC03_Post_User_Record" time="0.002" errors="0" timestamp="2024-05-14T17:03:08 PDT" skipped="0">
  <testcase classname="testCases.TC03_Post_User_Record" name="checkContentType" time="0.001"/>
  <system-out/>
  <testcase classname="testCases.TC03_Post_User_Record" name="checkStatusCode" time="0.000"/>
  <system-out/>
  <testcase classname="testCases.TC03_Post_User_Record" name="checkResponseBody" time="0.001"/>
  <system-out/>
</testsuite> <!-- testCases.TC03_Post_User_Record -->
