<?xml version="1.0" encoding="UTF-8"?>
<!-- Generated by org.testng.reporters.JUnitReportReporter -->
<testsuite hostname="RENIl" failures="0" tests="3" name="testCases.TC02_Get_Single_User" time="0.004" errors="0" timestamp="2024-05-14T17:03:08 PDT" skipped="0">
  <testcase classname="testCases.TC02_Get_Single_User" name="checkResponseBody" time="0.002"/>
  <system-out/>
  <testcase classname="testCases.TC02_Get_Single_User" name="checkStatusCode" time="0.001"/>
  <system-out/>
  <testcase classname="testCases.TC02_Get_Single_User" name="checkSResponseTime" time="0.001"/>
  <system-out/>
</testsuite> <!-- testCases.TC02_Get_Single_User -->
