<?xml version="1.0" encoding="UTF-8"?>
<!-- Generated by org.testng.reporters.JUnitReportReporter -->
<testsuite hostname="RENIl" failures="0" tests="5" name="testCases.TC01_Get_Users" time="0.032" errors="0" timestamp="2024-05-14T17:03:08 PDT" skipped="0">
  <testcase classname="testCases.TC01_Get_Users" name="checkResponseBody" time="0.018"/>
  <system-out/>
  <testcase classname="testCases.TC01_Get_Users" name="checkSResponseTime" time="0.002"/>
  <system-out/>
  <testcase classname="testCases.TC01_Get_Users" name="checkStatusCode" time="0.001"/>
  <system-out/>
  <testcase classname="testCases.TC01_Get_Users" name="checkDate" time="0.002"/>
  <system-out/>
  <testcase classname="testCases.TC01_Get_Users" name="checkContentType" time="0.009"/>
  <system-out/>
</testsuite> <!-- testCases.TC01_Get_Users -->
