<?xml version="1.0" encoding="UTF-8"?>
<!-- Generated by org.testng.reporters.JUnitReportReporter -->
<testsuite hostname="RENIl" failures="0" tests="4" name="testCases.TC04_Put_User_Record" time="0.004" errors="0" timestamp="2024-05-14T17:03:08 PDT" skipped="0">
  <testcase classname="testCases.TC04_Put_User_Record" name="checkStatusCode" time="0.001"/>
  <system-out/>
  <testcase classname="testCases.TC04_Put_User_Record" name="checkContentType" time="0.001"/>
  <system-out/>
  <testcase classname="testCases.TC04_Put_User_Record" name="checkServerType" time="0.001"/>
  <system-out/>
  <testcase classname="testCases.TC04_Put_User_Record" name="checkResponseBody" time="0.001"/>
  <system-out/>
</testsuite> <!-- testCases.TC04_Put_User_Record -->
