<?xml version="1.0" encoding="UTF-8"?>
<!-- Generated by org.testng.reporters.JUnitReportReporter -->
<testsuite hostname="RENIl" failures="0" tests="5" name="testCases.TC01_Get_Users" time="0.019" errors="0" timestamp="2024-05-17T14:17:00 PDT" skipped="0">
  <testcase classname="testCases.TC01_Get_Users" name="checkDate" time="0.000"/>
  <system-out/>
  <testcase classname="testCases.TC01_Get_Users" name="checkResponseBody" time="0.014"/>
  <system-out/>
  <testcase classname="testCases.TC01_Get_Users" name="checkContentType" time="0.003"/>
  <system-out/>
  <testcase classname="testCases.TC01_Get_Users" name="checkSResponseTime" time="0.001"/>
  <system-out/>
  <testcase classname="testCases.TC01_Get_Users" name="checkStatusCode" time="0.001"/>
  <system-out/>
</testsuite> <!-- testCases.TC01_Get_Users -->
